build/app/outputs/mapping/release/seeds.txt
com.popupbits.fl_live_launcher.MainActivity
com.popupbits.fl_live_launcher.MainActivity: MainActivity()
...
androidx.window.layout.ExtensionInterfaceCompat$ExtensionCallbackInterface
androidx.fragment.app.Fragment$2
kotlinx.coroutines.internal.StackTraceRecoveryKt
io.flutter.embedding.engine.FlutterJNI
androidx.window.layout.SidecarAdapter$Companion
androidx.window.java.R
androidx.window.layout.WindowMetricsCalculator$Companion
androidx.window.layout.WindowLayoutInfo
androidx.core.app.RemoteActionCompatParcelizer
androidx.window.layout.ExtensionInterfaceCompat
androidx.window.layout.SidecarCompat$DistinctSidecarElementCallback
androidx.window.embedding.SplitRule$LayoutDir
androidx.window.layout.SidecarWindowBackend
androidx.activity.OnBackPressedDispatcher$LifecycleOnBackPressedCancellable
androidx.window.layout.DisplayCompatHelperApi17
androidx.window.core.Version
androidx.window.embedding.SplitController
androidx.window.layout.SidecarCompat$Companion
io.flutter.embedding.engine.plugins.lifecycle.HiddenLifecycleReference
androidx.window.java.layout.WindowInfoTrackerCallbackAdapter
kotlin.internal.jdk8.JDK8PlatformImplementations
androidx.window.layout.SidecarCompat
androidx.window.embedding.SplitInfo
androidx.window.embedding.EmbeddingCompat
androidx.core.graphics.drawable.IconCompat
androidx.window.layout.SidecarCompat$registerConfigurationChangeListener$configChangeObserver$1
androidx.window.embedding.EmbeddingCompat$Companion
androidx.window.layout.HardwareFoldingFeature
androidx.window.embedding.SplitPairRule
androidx.lifecycle.ReflectiveGenericLifecycleObserver
androidx.window.layout.ExtensionWindowLayoutInfoBackend
io.flutter.plugin.editing.ImeSyncDeferringInsetsCallback$AnimationCallback
androidx.savedstate.SavedStateRegistry$1
androidx.annotation.Keep
io.flutter.plugins.GeneratedPluginRegistrant
androidx.window.layout.ActivityCompatHelperApi30
androidx.window.layout.WindowBackend
kotlin.coroutines.jvm.internal.BaseContinuationImpl
androidx.window.layout.WindowMetricsCalculator$Companion$overrideDecorator$1
androidx.core.app.RemoteActionCompat
androidx.window.embedding.SplitController$Companion
androidx.window.embedding.SplitPairFilter
androidx.window.layout.WindowMetricsCalculatorCompat
androidx.window.layout.WindowMetrics
io.flutter.embedding.android.FlutterSplashView$SavedState
androidx.window.embedding.MatcherUtils
androidx.window.embedding.SplitRule$Api30Impl
androidx.window.layout.SidecarWindowBackend$WindowLayoutChangeCallbackWrapper
androidx.window.layout.EmptyDecorator
androidx.window.R$id
androidx.activity.ComponentActivity$2
androidx.lifecycle.Lifecycling$1
androidx.window.R$styleable
androidx.window.embedding.EmbeddingInterfaceCompat
androidx.activity.ImmLeaksCleaner
androidx.window.java.layout.WindowInfoTrackerCallbackAdapter$addListener$1$1$invokeSuspend$$inlined$collect$1
androidx.window.layout.SidecarCompat$FirstAttachAdapter
androidx.window.java.layout.WindowInfoTrackerCallbackAdapter$addListener$1$1
androidx.window.embedding.SplitRuleParser
androidx.window.layout.WindowInfoTracker
androidx.lifecycle.CompositeGeneratedAdaptersObserver
androidx.window.layout.HardwareFoldingFeature$Companion
androidx.window.layout.SidecarAdapter
androidx.versionedparcelable.ParcelImpl
kotlinx.coroutines.internal.MainDispatcherFactory
androidx.window.layout.WindowInfoTrackerImpl
androidx.window.embedding.ActivityStack
androidx.window.layout.SidecarWindowBackend$ExtensionListenerImpl
kotlinx.coroutines.android.AndroidExceptionPreHandler
kotlin.internal.jdk7.JDK7PlatformImplementations
androidx.window.layout.FoldingFeature$State$Companion
io.flutter.embedding.engine.FlutterJNI: io.flutter.embedding.engine.dart.PlatformMessageHandler platformMessageHandler
androidx.window.layout.WindowMetrics: androidx.window.core.Bounds _bounds
androidx.window.R$styleable: int SplitPlaceholderRule_splitLayoutDirection
io.flutter.view.AccessibilityViewEmbedder: int nextFlutterId
io.flutter.view.AccessibilityViewEmbedder: java.util.Map embeddedViewToDisplayBounds
androidx.window.core.Version: kotlin.Lazy bigInteger$delegate