build/app/outputs/mapping/release/mapping.txt
# compiler: R8
# compiler_version: 3.2.74
# min_api: 19
# common_typos_disable
# {"id":"com.android.tools.r8.mapping","version":"2.0"}
# pg_map_id: a21d17f
# pg_map_hash: SHA-256 a21d17f44795df7a45672e679badc099e55a6a4c7ebf262dcc2de6362139ce94
...
kotlin.sequences.SequencesKt__SequencesKt$asSequence$$inlined$Sequence$1 -> t0.f$a:
    java.util.Iterator $this_asSequence$inlined -> a
kotlin.sequences.SequencesKt___SequencesJvmKt -> t0.g:
kotlin.sequences.SequencesKt___SequencesKt -> t0.h:
    kotlin.sequences.Sequence map(kotlin.sequences.Sequence,kotlin.jvm.functions.Function1) -> c
    java.util.Collection toCollection(kotlin.sequences.Sequence,java.util.Collection) -> d
    java.util.List toList(kotlin.sequences.Sequence) -> e
    java.util.List toMutableList(kotlin.sequences.Sequence) -> f
kotlin.sequences.TransformingSequence -> t0.i:
    kotlin.sequences.Sequence sequence -> a
    kotlin.jvm.functions.Function1 transformer -> b
    kotlin.sequences.Sequence access$getSequence$p(kotlin.sequences.TransformingSequence) -> a
    kotlin.jvm.functions.Function1 access$getTransformer$p(kotlin.sequences.TransformingSequence) -> b
kotlin.sequences.TransformingSequence$iterator$1 -> t0.i$a:
    java.util.Iterator iterator -> d
    kotlin.sequences.TransformingSequence this$0 -> e
kotlin.text.CharsKt__CharJVMKt -> u0.a:
    int checkRadix(int) -> a
    int digitOf(char,int) -> b
    boolean isWhitespace(char) -> c
kotlin.text.CharsKt__CharKt -> u0.b:
    boolean equals(char,char,boolean) -> d
kotlin.text.DelimitedRangesSequence -> u0.c:
    java.lang.CharSequence input -> a
    int startIndex -> b
    int limit -> c
    kotlin.jvm.functions.Function2 getNextMatch -> d
    kotlin.jvm.functions.Function2 access$getGetNextMatch$p(kotlin.text.DelimitedRangesSequence) -> a
    java.lang.CharSequence access$getInput$p(kotlin.text.DelimitedRangesSequence) -> b
    int access$getLimit$p(kotlin.text.DelimitedRangesSequence) -> c
    int access$getStartIndex$p(kotlin.text.DelimitedRangesSequence) -> d
kotlin.text.DelimitedRangesSequence$iterator$1 -> u0.c$a:
    kotlin.ranges.IntRange nextItem -> g
    int counter -> h
    int nextSearchIndex -> f
    int nextState -> d
    int currentStartIndex -> e
    kotlin.text.DelimitedRangesSequence this$0 -> i
    void calcNext() -> a
    kotlin.ranges.IntRange next() -> b
kotlin.text.StringsKt -> u0.d:
    int indexOf$default(java.lang.CharSequence,java.lang.String,int,boolean,int,java.lang.Object) -> A
      # {"id":"com.android.tools.r8.synthesized"}
    int lastIndexOf$default(java.lang.CharSequence,java.lang.String,int,boolean,int,java.lang.Object) -> F
      # {"id":"com.android.tools.r8.synthesized"}
    java.lang.String substringAfter$default(java.lang.String,char,java.lang.String,int,java.lang.Object) -> S
      # {"id":"com.android.tools.r8.synthesized"}
    java.lang.String substringAfter$default(java.lang.String,java.lang.String,java.lang.String,int,java.lang.Object) -> T
      # {"id":"com.android.tools.r8.synthesized"}
    java.lang.String substringAfterLast$default(java.lang.String,char,java.lang.String,int,java.lang.Object) -> V
      # {"id":"com.android.tools.r8.synthesized"}
    java.lang.String substringBefore$default(java.lang.String,char,java.lang.String,int,java.lang.Object) -> Y
      # {"id":"com.android.tools.r8.synthesized"}
    java.lang.String substringBefore$default(java.lang.String,java.lang.String,java.lang.String,int,java.lang.Object) -> Z
      # {"id":"com.android.tools.r8.synthesized"}
    void appendElement(java.lang.Appendable,java.lang.Object,kotlin.jvm.functions.Function1) -> a
      # {"id":"com.android.tools.r8.synthesized"}
    java.lang.CharSequence trim(java.lang.CharSequence) -> a0
      # {"id":"com.android.tools.r8.synthesized"}
    java.lang.String trimIndent(java.lang.String) -> e
kotlin.text.StringsKt__AppendableKt -> u0.e:
    void appendElement(java.lang.Appendable,java.lang.Object,kotlin.jvm.functions.Function1) -> a