build/app/outputs/mapping/release/usage.txt
com.popupbits.fl_live_launcher.BuildConfig
com.popupbits.fl_live_launcher.R$attr
com.popupbits.fl_live_launcher.R$color
com.popupbits.fl_live_launcher.R$dimen
com.popupbits.fl_live_launcher.R$drawable
com.popupbits.fl_live_launcher.R$id
com.popupbits.fl_live_launcher.R$integer
com.popupbits.fl_live_launcher.R$layout
com.popupbits.fl_live_launcher.R$mipmap
com.popupbits.fl_live_launcher.R$string
com.popupbits.fl_live_launcher.R$style
com.popupbits.fl_live_launcher.R$styleable
com.popupbits.fl_live_launcher.R
...
kotlin.ThrowsKt
kotlin.Triple
kotlin.TuplesKt:
    public static final java.util.List toList(kotlin.Pair)
    public static final java.util.List toList(kotlin.Triple)
kotlin.TypeAliasesKt
kotlin.TypeCastException
kotlin.UByte$Companion
kotlin.UByte
kotlin.UByteArray$Iterator
kotlin.UByteArray
kotlin.UByteArrayKt
kotlin.UByteKt
kotlin.UInt$Companion
kotlin.UInt
kotlin.UIntArray$Iterator
kotlin.UIntArray
kotlin.UIntArrayKt
kotlin.UIntKt
kotlin.ULong$Companion
kotlin.ULong
kotlin.ULongArray$Iterator
kotlin.ULongArray
kotlin.ULongArrayKt
kotlin.ULongKt
kotlin.UNumbersKt
kotlin.UShort$Companion
kotlin.UShort
kotlin.UShortArray$Iterator
kotlin.UShortArray
kotlin.UShortArrayKt
kotlin.UShortKt
kotlin.UninitializedPropertyAccessException:
    public void <init>(java.lang.String,java.lang.Throwable)
    public void <init>(java.lang.Throwable)
kotlin.UnsafeLazyImpl
kotlin.UnsafeVariance
kotlin.UnsignedKt
kotlin.UseExperimental
kotlin.WasExperimental
kotlin._Assertions
kotlin.annotation.AnnotationRetention
kotlin.annotation.AnnotationTarget
kotlin.annotation.MustBeDocumented
kotlin.annotation.Repeatable
kotlin.annotation.Retention
kotlin.annotation.Target
kotlin.collections.AbstractCollection$toString$1
kotlin.collections.AbstractCollection
kotlin.collections.AbstractIterator$WhenMappings
kotlin.collections.AbstractIterator
kotlin.collections.AbstractList$Companion
kotlin.collections.AbstractList$IteratorImpl
kotlin.collections.AbstractList$ListIteratorImpl
kotlin.collections.AbstractList$SubList
kotlin.collections.AbstractList
kotlin.collections.AbstractMap$Companion
kotlin.collections.AbstractMap$keys$1$iterator$1
kotlin.collections.AbstractMap$keys$1
kotlin.collections.AbstractMap$toString$1
kotlin.collections.AbstractMap$values$1$iterator$1
kotlin.collections.AbstractMap$values$1
kotlin.collections.AbstractMap
kotlin.collections.AbstractMutableCollection
kotlin.collections.AbstractMutableList
kotlin.collections.AbstractMutableMap
kotlin.collections.AbstractMutableSet
kotlin.collections.AbstractSet$Companion
kotlin.collections.AbstractSet
kotlin.collections.ArrayAsCollection
kotlin.collections.ArrayDeque$Companion
kotlin.collections.ArrayDeque
kotlin.collections.ArraysKt:
    private void <init>()
kotlin.collections.ArraysKt__ArraysJVMKt:
    public void <init>()
    public static final java.lang.Object[] arrayOfNulls(java.lang.Object[],int)
    public static final int contentDeepHashCode(java.lang.Object[])
    public static final void copyOfRangeToIndexCheck(int,int)
    public static final synthetic java.lang.Object[] orEmpty(java.lang.Object[])
    private static final java.lang.String toString(byte[],java.nio.charset.Charset)
    public static final synthetic java.lang.Object[] toTypedArray(java.util.Collection)
kotlin.collections.ArraysKt__ArraysKt:
    public void <init>()
    public static final boolean contentDeepEquals(java.lang.Object[],java.lang.Object[])
    public static final java.lang.String contentDeepToString(java.lang.Object[])
    private static final void contentDeepToStringInternal$ArraysKt__ArraysKt(java.lang.Object[],java.lang.StringBuilder,java.util.List)
    public static final java.util.List flatten(java.lang.Object[][])
    private static final java.lang.Object ifEmpty(java.lang.Object[],kotlin.jvm.functions.Function0)
    private static final boolean isNullOrEmpty(java.lang.Object[])
    public static final kotlin.Pair unzip(kotlin.Pair[])
kotlin.collections.ArraysKt___ArraysJvmKt$asList$1
kotlin.collections.ArraysKt___ArraysJvmKt$asList$2
kotlin.collections.ArraysKt___ArraysJvmKt$asList$3
kotlin.collections.ArraysKt___ArraysJvmKt$asList$4
kotlin.collections.ArraysKt___ArraysJvmKt$asList$5
kotlin.collections.ArraysKt___ArraysJvmKt$asList$6
kotlin.collections.ArraysKt___ArraysJvmKt$asList$7
kotlin.collections.ArraysKt___ArraysJvmKt$asList$8